<?xml version="1.0" encoding="UTF-8"?>
<!-- Generated by org.testng.reporters.JUnitReportReporter -->
<testsuite hostname="LAPTOP-2SJI60MK" failures="0" tests="1" name="StepDefinitions.AppTest" time="37.573" errors="0" timestamp="28 Aug 2022 12:05:48 GMT">
  <testcase classname="StepDefinitions.AppTest" name="CompareData" time="37.573"/>
</testsuite> <!-- StepDefinitions.AppTest -->
